<?xml version="1.0" encoding="UTF-8"?>
<testng-results skipped="0" failed="0" ignored="0" total="2" passed="2">
  <reporter-output>
  </reporter-output>
  <suite name="Default suite" duration-ms="56489" started-at="2019-10-06T19:40:25Z" finished-at="2019-10-06T19:41:21Z">
    <groups>
    </groups>
    <test name="Default test" duration-ms="56489" started-at="2019-10-06T19:40:25Z" finished-at="2019-10-06T19:41:21Z">
      <class name="com.walmart.qa.testcases.LoginPageTest">
        <test-method status="PASS" signature="setUp()[pri:0, instance:com.walmart.qa.testcases.LoginPageTest@27efef64]" name="setUp" is-config="true" duration-ms="27106" started-at="2019-10-06T15:40:25Z" finished-at="2019-10-06T15:40:52Z">
          <reporter-output>
          </reporter-output>
        </test-method> <!-- setUp -->
        <test-method status="PASS" signature="loginPageTitleTest()[pri:1, instance:com.walmart.qa.testcases.LoginPageTest@27efef64]" name="loginPageTitleTest" duration-ms="99" started-at="2019-10-06T15:40:52Z" finished-at="2019-10-06T15:40:52Z">
          <reporter-output>
          </reporter-output>
        </test-method> <!-- loginPageTitleTest -->
        <test-method status="PASS" signature="setUp()[pri:0, instance:com.walmart.qa.testcases.LoginPageTest@27efef64]" name="setUp" is-config="true" duration-ms="27958" started-at="2019-10-06T15:40:52Z" finished-at="2019-10-06T15:41:20Z">
          <reporter-output>
          </reporter-output>
        </test-method> <!-- setUp -->
        <test-method status="PASS" signature="loginTest()[pri:2, instance:com.walmart.qa.testcases.LoginPageTest@27efef64]" name="loginTest" duration-ms="1275" started-at="2019-10-06T15:41:20Z" finished-at="2019-10-06T15:41:21Z">
          <reporter-output>
          </reporter-output>
        </test-method> <!-- loginTest -->
      </class> <!-- com.walmart.qa.testcases.LoginPageTest -->
    </test> <!-- Default test -->
  </suite> <!-- Default suite -->
</testng-results>
